<?xml version="1.0" encoding="utf-8"?><testsuites name="pytest tests"><testsuite name="pytest" errors="0" failures="1" skipped="0" tests="18" time="40.613" timestamp="2026-04-28T04:39:25.226411+00:00" hostname="agent-env-50268fab-9d8b-4f57-8653-2cd6321d83c5"><testcase classname="backend.tests.backend_test.TestHealth" name="test_root_operational" time="0.204" /><testcase classname="backend.tests.backend_test.TestAuth" name="test_register_new_operator" time="0.290"><failure message="AssertionError: assert 'test_user_d385b8a8@gid.com' == 'TEST_user_d385b8a8@gid.com'&#10;  &#10;  - TEST_user_d385b8a8@gid.com&#10;  ? ^^^^&#10;  + test_user_d385b8a8@gid.com&#10;  ? ^^^^">backend/tests/backend_test.py:64: in test_register_new_operator
    assert data["user"]["email"] == email
E   AssertionError: assert 'test_user_d385b8a8@gid.com' == 'TEST_user_d385b8a8@gid.com'
E     
E     - TEST_user_d385b8a8@gid.com
E     ? ^^^^
E     + test_user_d385b8a8@gid.com
E     ? ^^^^</failure></testcase><testcase classname="backend.tests.backend_test.TestAuth" name="test_register_duplicate_rejected" time="0.322" /><testcase classname="backend.tests.backend_test.TestAuth" name="test_login_success" time="0.268" /><testcase classname="backend.tests.backend_test.TestAuth" name="test_login_invalid_credentials" time="0.277" /><testcase classname="backend.tests.backend_test.TestAuth" name="test_me_with_token" time="0.050" /><testcase classname="backend.tests.backend_test.TestAuth" name="test_me_without_token" time="0.108" /><testcase classname="backend.tests.backend_test.TestContact" name="test_contact_submit" time="0.059" /><testcase classname="backend.tests.backend_test.TestAuthGuard" name="test_list_itineraries_unauth" time="0.108" /><testcase classname="backend.tests.backend_test.TestAuthGuard" name="test_create_itinerary_unauth" time="0.161" /><testcase classname="backend.tests.backend_test.TestAuthGuard" name="test_dashboard_stats_unauth" time="0.102" /><testcase classname="backend.tests.backend_test.TestItineraryCRUD" name="test_create_itinerary_persisted" time="0.156" /><testcase classname="backend.tests.backend_test.TestItineraryCRUD" name="test_list_includes_created" time="0.049" /><testcase classname="backend.tests.backend_test.TestItineraryCRUD" name="test_assess_itinerary_with_ai" time="26.727" /><testcase classname="backend.tests.backend_test.TestItineraryCRUD" name="test_refresh_alerts" time="11.144" /><testcase classname="backend.tests.backend_test.TestItineraryCRUD" name="test_update_debrief_persists" time="0.107" /><testcase classname="backend.tests.backend_test.TestItineraryCRUD" name="test_dashboard_stats" time="0.194" /><testcase classname="backend.tests.backend_test.TestItineraryDelete" name="test_delete_and_404" time="0.154" /></testsuite></testsuites>